12800
12160
11456
10672
11360
12320
12880
13760
14320
13472
12624
12032
11152
10624
11728
12416
13040
14016
14240
13248
12496
11872
10992
10816
11792
12512
13168
14112
14192
13216
12496
11872
10912
10816
11824
12512
13088
14160
14208
13168
12512
11888
10912
10880
11856
12544
13184
14144
14208
13152
12448
11856
10896
10800
11888
12544
13120
14080
14240
13168
12480
11888
10864
10832
11920
12544
13200
14096
14224
13136
12464
11872
10912
10768
11904
12576
13184
14112
14240
13136
12448
11840
10928
10832
11920
12576
13200
14160
14224
13088
12432
11824
10864
10848
11936
12576
13200
14144
14192
13120
12448
11808
10896
10880
11904
12608
13264
14160
14176
13072
12432
11824
10848
10912
11936
12592
13200
14240
14080
13088
12432
11824
10816
10912
11952
12608
13296
14208
14096
13088
12400
11824
10816
10928
11936
12592
13248
14256
14080
13056
12384
11872
10832
10896
11968
12640
13264
14256
14064
13024
12368
11776
10768
10960
11984
12640
13248
14272
14032
13024
12352
11792
10816
10976
12016
12672
13296
14240
14112
12976
12384
11760
10784
10928
12016
12656
13296
14192
14064
13024
12368
11728
10864
10944
12000
12672
13344
14208
14064
13024
12352
11696
10832
10976
12032
12624
13360
14208
13952
12992
12352
11728
10816
11072
11984
12656
13296
14256
14000
12960
12336
11712
10784
10976
12048
12720
13376
14272
13952
12944
12320
11648
10800
11088
12048
12720
13344
14288
13968
12960
12304
11712
10704
11072
12064
12688
13360
14272
13856
12928
12304
11680
10736
11056
12096
12704
13360
14288
13968
12896
12336
11696
10752
11024
12064
12736
13344
14256
13888
12896
12288
11600
10784
11056
12128
12720
13376
14240
13920
12896
12288
11616
10752
11072
12080
12736
13408
14256
13856
12848
12256
11584
10784
11056
12112
12768
13472
14256
13904
12864
12272
11584
10720
11136
12128
12720
13456
14208
13856
12864
12256
11504
10736
11152
12112
12752
13488
14288
13824
12848
12224
11616
10640
11184
12128
12784
13440
14272
13776
12848
12208
11520
10656
11168
12160
12784
13440
14320
13792
12816
12240
11600
10688
11136
12176
12784
13488
14208
13840
12800
12192
11488
10640
11264
12192
12800
13472
14320
13776
12768
12208
11520
10656
11216
12192
12816
13488
14272
13776
12768
12208
11488
10688
11232
12224
12800
13520
14288
13760
12784
12176
11440
10720
11248
12208
12784
13568
14304
13680
12816
12208
11456
10704
11280
12240
12848
13584
14288
13696
12768
12176
11392
10688
11328
12224
12816
13552
14272
13680
12784
12160
11472
10656
11312
12256
12848
13648
14272
13648
12752
12160
11344
10688
11408
12256
12848
13616
14272
13552
12736
12096
11392
10640
11360
12272
12864
13616
14368
13584
12704
12160
11376
10624
11376
12304
12864
13648
14272
13664
12720
12128
11360
10656
11344
12272
12864
13664
14288
13632
12688
12128
11328
10736
11392
12288
12864
13728
14240
13600
12704
12128
11296
10688
11440
12272
12832
13664
14320
13616
12672
12112
11264
10704
11440
12320
12864
13776
14256
13536
12720
12096
11264
10672
11472
12320
12864
13680
14384
13552
12688
12112
11232
10704
11552
12336
12896
13760
14336
13520
12672
